[     363ms] [ERROR] A tree hydrated but some attributes of the server rendered HTML didn't match the client properties. This won't be patched up. This can happen if a SSR-ed Client Component used:

- A server/client branch `if (typeof window !== 'undefined')`.
- Variable input such as `Date.now()` or `Math.random()` which changes each time it's called.
- Date formatting in a user's locale which doesn't match the server.
- External changing data without sending a snapshot of it along with the HTML.
- Invalid HTML tag nesting.

It can also happen if the client has a browser extension installed which messes with the HTML before React loaded.

%s%s https://react.dev/link/hydration-mismatch 

  ...
    <SegmentViewNode type="layout" pagePath="layout.tsx">
      <SegmentTrieNode>
      <link>
      <script>
      <script>
      <script>
      <RootLayout>
        <html lang="ja" suppressHydrationWarning={true}>
          <body className="inter_5901...">
            <TooltipProvider>
              <TooltipProvider data-slot="tooltip-pr..." delayDuration={0}>
                <TooltipProviderProvider scope={undefined} isOpenDelayedRef={{current:true}} delayDuration={0} ...>
                  <div>
                  <div className="relative z...">
                    <Header authSlot={{...}}>
                      <header className="sticky top...">
                        <div className="relative m...">
                          <HeaderSeedAccent>
                            <svg className="pointer-ev..." width="20" height="28" viewBox="0 0 40 60" aria-hidden="true">
                              <ellipse>
                              <line>
                              <line>
                              <line>
                              <line>
                              <line>
                              <line
                                x1="20"
                                y1="18"
+                               x2={15.669872981077809}
-                               x2="15.669872981077807"
                                y2={20.500000000000004}
                                stroke="var(--color-tanpopo-seed)"
                                strokeWidth="0.35"
                                opacity="0.45"
                              >
                              ...
                          ...
                        ...
                    ...
            ...
 @ http://localhost:3002/_next/static/chunks/b2b3e_next_dist_77a734fe._.js:3127
[   14530ms] [WARNING] Warning: Missing `Description` or `aria-describedby={undefined}` for {DialogContent}. @ http://localhost:3002/_next/static/chunks/b2b3e_next_dist_77a734fe._.js:2297
[   14534ms] [WARNING] Warning: Missing `Description` or `aria-describedby={undefined}` for {DialogContent}. @ http://localhost:3002/_next/static/chunks/b2b3e_next_dist_77a734fe._.js:2297
[   42619ms] [WARNING] Warning: Missing `Description` or `aria-describedby={undefined}` for {DialogContent}. @ http://localhost:3002/_next/static/chunks/b2b3e_next_dist_77a734fe._.js:2297
[   42621ms] [WARNING] Warning: Missing `Description` or `aria-describedby={undefined}` for {DialogContent}. @ http://localhost:3002/_next/static/chunks/b2b3e_next_dist_77a734fe._.js:2297
