[     516ms] [WARNING] %c%s%c ⚠ metadataBase property in metadata export is not set for resolving social open graph or twitter images, using "http://localhost:3002". See https://nextjs.org/docs/app/api-reference/functions/generate-metadata#metadatabase background: #e6e6e6;background: light-dark(rgba(0,0,0,0.1), rgba(255,255,255,0.25));color: #000000;color: light-dark(#000000, #ffffff);border-radius: 2px  Server   @ http://localhost:3002/_next/static/chunks/b2b3e_next_dist_77a734fe._.js:2297
[   13343ms] [WARNING] Warning: Missing `Description` or `aria-describedby={undefined}` for {DialogContent}. @ http://localhost:3002/_next/static/chunks/b2b3e_next_dist_77a734fe._.js:2297
[   13346ms] [WARNING] Warning: Missing `Description` or `aria-describedby={undefined}` for {DialogContent}. @ http://localhost:3002/_next/static/chunks/b2b3e_next_dist_77a734fe._.js:2297
[   62042ms] ReferenceError: HeaderVine is not defined
    at Header (http://localhost:3002/_next/static/chunks/src_13525b2f._.js?id=%255Bproject%255D%252Fsrc%252Fcomponents%252Flayout%252Fheader.tsx+%255Bapp-client%255D+%2528ecmascript%2529:789:377)
    at Object.react_stack_bottom_frame (http://localhost:3002/_next/static/chunks/b2b3e_next_dist_compiled_react-dom_d19f9ff6._.js:14826:24)
    at renderWithHooks (http://localhost:3002/_next/static/chunks/b2b3e_next_dist_compiled_react-dom_d19f9ff6._.js:4651:24)
    at updateFunctionComponent (http://localhost:3002/_next/static/chunks/b2b3e_next_dist_compiled_react-dom_d19f9ff6._.js:6112:21)
    at beginWork (http://localhost:3002/_next/static/chunks/b2b3e_next_dist_compiled_react-dom_d19f9ff6._.js:6708:24)
    at runWithFiberInDEV (http://localhost:3002/_next/static/chunks/b2b3e_next_dist_compiled_react-dom_d19f9ff6._.js:965:74)
    at performUnitOfWork (http://localhost:3002/_next/static/chunks/b2b3e_next_dist_compiled_react-dom_d19f9ff6._.js:9562:97)
    at workLoopSync (http://localhost:3002/_next/static/chunks/b2b3e_next_dist_compiled_react-dom_d19f9ff6._.js:9456:40)
    at renderRootSync (http://localhost:3002/_next/static/chunks/b2b3e_next_dist_compiled_react-dom_d19f9ff6._.js:9440:13)
    at performWorkOnRoot (http://localhost:3002/_next/static/chunks/b2b3e_next_dist_compiled_react-dom_d19f9ff6._.js:9105:47)
    at performSyncWorkOnRoot (http://localhost:3002/_next/static/chunks/b2b3e_next_dist_compiled_react-dom_d19f9ff6._.js:10238:9)
    at flushSyncWorkAcrossRoots_impl (http://localhost:3002/_next/static/chunks/b2b3e_next_dist_compiled_react-dom_d19f9ff6._.js:10154:316)
    at flushSyncWork$1 (http://localhost:3002/_next/static/chunks/b2b3e_next_dist_compiled_react-dom_d19f9ff6._.js:9237:86)
    at Object.scheduleRefresh (http://localhost:3002/_next/static/chunks/b2b3e_next_dist_compiled_react-dom_d19f9ff6._.js:299:13)
    at http://localhost:3002/_next/static/chunks/b2b3e_next_dist_compiled_a8f11176._.js:391:33
    at Set.forEach (<anonymous>)
    at Object.performReactRefresh (http://localhost:3002/_next/static/chunks/b2b3e_next_dist_compiled_a8f11176._.js:384:38)
    at applyUpdate (http://localhost:3002/_next/static/chunks/b2b3e_next_dist_compiled_a8f11176._.js:878:31)
    at http://localhost:3002/_next/static/chunks/b2b3e_next_dist_compiled_a8f11176._.js:886:13
[   96468ms] [WARNING] [Fast Refresh] performing full reload because your application had an unrecoverable error @ http://localhost:3002/_next/static/chunks/b2b3e_next_dist_77a734fe._.js:2297
[   96577ms] ReferenceError: DrawerSeeds is not defined
    at Header (http://localhost:3002/_next/static/chunks/src_13525b2f._.js?id=%255Bproject%255D%252Fsrc%252Fcomponents%252Flayout%252Fheader.tsx+%255Bapp-client%255D+%2528ecmascript%2529:859:409)
    at Object.react_stack_bottom_frame (http://localhost:3002/_next/static/chunks/b2b3e_next_dist_compiled_react-dom_d19f9ff6._.js:14826:24)
    at renderWithHooks (http://localhost:3002/_next/static/chunks/b2b3e_next_dist_compiled_react-dom_d19f9ff6._.js:4651:24)
    at updateFunctionComponent (http://localhost:3002/_next/static/chunks/b2b3e_next_dist_compiled_react-dom_d19f9ff6._.js:6112:21)
    at beginWork (http://localhost:3002/_next/static/chunks/b2b3e_next_dist_compiled_react-dom_d19f9ff6._.js:6687:639)
    at runWithFiberInDEV (http://localhost:3002/_next/static/chunks/b2b3e_next_dist_compiled_react-dom_d19f9ff6._.js:965:74)
    at performUnitOfWork (http://localhost:3002/_next/static/chunks/b2b3e_next_dist_compiled_react-dom_d19f9ff6._.js:9562:97)
    at workLoopSync (http://localhost:3002/_next/static/chunks/b2b3e_next_dist_compiled_react-dom_d19f9ff6._.js:9456:40)
    at renderRootSync (http://localhost:3002/_next/static/chunks/b2b3e_next_dist_compiled_react-dom_d19f9ff6._.js:9440:13)
    at performWorkOnRoot (http://localhost:3002/_next/static/chunks/b2b3e_next_dist_compiled_react-dom_d19f9ff6._.js:9105:47)
    at performSyncWorkOnRoot (http://localhost:3002/_next/static/chunks/b2b3e_next_dist_compiled_react-dom_d19f9ff6._.js:10238:9)
    at flushSyncWorkAcrossRoots_impl (http://localhost:3002/_next/static/chunks/b2b3e_next_dist_compiled_react-dom_d19f9ff6._.js:10154:316)
    at flushSyncWork$1 (http://localhost:3002/_next/static/chunks/b2b3e_next_dist_compiled_react-dom_d19f9ff6._.js:9237:86)
    at Object.scheduleRefresh (http://localhost:3002/_next/static/chunks/b2b3e_next_dist_compiled_react-dom_d19f9ff6._.js:299:13)
    at http://localhost:3002/_next/static/chunks/b2b3e_next_dist_compiled_a8f11176._.js:391:33
    at Set.forEach (<anonymous>)
    at Object.performReactRefresh (http://localhost:3002/_next/static/chunks/b2b3e_next_dist_compiled_a8f11176._.js:384:38)
    at applyUpdate (http://localhost:3002/_next/static/chunks/b2b3e_next_dist_compiled_a8f11176._.js:878:31)
    at http://localhost:3002/_next/static/chunks/b2b3e_next_dist_compiled_a8f11176._.js:886:13
[   96983ms] [ERROR] Failed to load resource: the server responded with a status of 500 (Internal Server Error) @ http://localhost:3002/:0
[   97113ms] [WARNING] %c%s%c ⚠ metadataBase property in metadata export is not set for resolving social open graph or twitter images, using "http://localhost:3002". See https://nextjs.org/docs/app/api-reference/functions/generate-metadata#metadatabase background: #e6e6e6;background: light-dark(rgba(0,0,0,0.1), rgba(255,255,255,0.25));color: #000000;color: light-dark(#000000, #ffffff);border-radius: 2px  Server   @ http://localhost:3002/_next/static/chunks/b2b3e_next_dist_77a734fe._.js:2297
[   97303ms] ReferenceError: DrawerSeeds is not defined
    at Header (http://localhost:3002/_next/static/chunks/src_13525b2f._.js:1296:409)
    at Object.react_stack_bottom_frame (http://localhost:3002/_next/static/chunks/b2b3e_next_dist_compiled_react-dom_d19f9ff6._.js:14826:24)
    at renderWithHooks (http://localhost:3002/_next/static/chunks/b2b3e_next_dist_compiled_react-dom_d19f9ff6._.js:4651:24)
    at updateFunctionComponent (http://localhost:3002/_next/static/chunks/b2b3e_next_dist_compiled_react-dom_d19f9ff6._.js:6112:21)
    at beginWork (http://localhost:3002/_next/static/chunks/b2b3e_next_dist_compiled_react-dom_d19f9ff6._.js:6687:639)
    at runWithFiberInDEV (http://localhost:3002/_next/static/chunks/b2b3e_next_dist_compiled_react-dom_d19f9ff6._.js:965:74)
    at performUnitOfWork (http://localhost:3002/_next/static/chunks/b2b3e_next_dist_compiled_react-dom_d19f9ff6._.js:9562:97)
    at workLoopSync (http://localhost:3002/_next/static/chunks/b2b3e_next_dist_compiled_react-dom_d19f9ff6._.js:9456:40)
    at renderRootSync (http://localhost:3002/_next/static/chunks/b2b3e_next_dist_compiled_react-dom_d19f9ff6._.js:9440:13)
    at performWorkOnRoot (http://localhost:3002/_next/static/chunks/b2b3e_next_dist_compiled_react-dom_d19f9ff6._.js:9105:47)
    at performWorkOnRootViaSchedulerTask (http://localhost:3002/_next/static/chunks/b2b3e_next_dist_compiled_react-dom_d19f9ff6._.js:10230:9)
    at MessagePort.performWorkUntilDeadline (http://localhost:3002/_next/static/chunks/b2b3e_next_dist_compiled_a8f11176._.js:2647:64)
[  100706ms] [WARNING] The resource http://localhost:3002/_next/static/chunks/%5Broot-of-the-server%5D__31d94f7c._.css was preloaded using link preload but not used within a few seconds from the window's load event. Please make sure it has an appropriate `as` value and it is preloaded intentionally. @ http://localhost:3002/:0
[  104248ms] [WARNING] [Fast Refresh] performing full reload because your application had an unrecoverable error @ http://localhost:3002/_next/static/chunks/b2b3e_next_dist_77a734fe._.js:2297
[  104287ms] Error: No link element found for chunk /_next/static/chunks/%5Broot-of-the-server%5D__31d94f7c._.css
    at http://localhost:3002/_next/static/chunks/turbopack-_12fe730e._.js:1801:28
    at new Promise (<anonymous>)
    at Object.reloadChunk (http://localhost:3002/_next/static/chunks/turbopack-_12fe730e._.js:1793:20)
    at applyChunkListUpdate (http://localhost:3002/_next/static/chunks/turbopack-_12fe730e._.js:1174:46)
    at applyUpdate (http://localhost:3002/_next/static/chunks/turbopack-_12fe730e._.js:1148:13)
    at handleApply (http://localhost:3002/_next/static/chunks/turbopack-_12fe730e._.js:1368:17)
    at triggerUpdate (http://localhost:3002/_next/static/chunks/%5Bturbopack%5D_browser_dev_hmr-client_hmr-client_ts_c8c997ce._.js:452:9)
    at applyAggregatedUpdates (http://localhost:3002/_next/static/chunks/%5Bturbopack%5D_browser_dev_hmr-client_hmr-client_ts_c8c997ce._.js:98:9)
    at http://localhost:3002/_next/static/chunks/%5Bturbopack%5D_browser_dev_hmr-client_hmr-client_ts_c8c997ce._.js:32:21
    at processTurbopackMessage (http://localhost:3002/_next/static/chunks/b2b3e_next_dist_client_121ab40e._.js:10950:13)
    at processMessage (http://localhost:3002/_next/static/chunks/b2b3e_next_dist_client_121ab40e._.js:11591:17)
    at WebSocket.handleMessage (http://localhost:3002/_next/static/chunks/b2b3e_next_dist_client_121ab40e._.js:10914:52)
[  104529ms] [ERROR] Failed to load resource: the server responded with a status of 500 (Internal Server Error) @ http://localhost:3002/:0
[  104664ms] [WARNING] %c%s%c ⚠ metadataBase property in metadata export is not set for resolving social open graph or twitter images, using "http://localhost:3002". See https://nextjs.org/docs/app/api-reference/functions/generate-metadata#metadatabase background: #e6e6e6;background: light-dark(rgba(0,0,0,0.1), rgba(255,255,255,0.25));color: #000000;color: light-dark(#000000, #ffffff);border-radius: 2px  Server   @ http://localhost:3002/_next/static/chunks/b2b3e_next_dist_77a734fe._.js:2297
[  104807ms] ReferenceError: DrawerSeeds is not defined
    at Header (http://localhost:3002/_next/static/chunks/src_13525b2f._.js:1301:409)
    at Object.react_stack_bottom_frame (http://localhost:3002/_next/static/chunks/b2b3e_next_dist_compiled_react-dom_d19f9ff6._.js:14826:24)
    at renderWithHooks (http://localhost:3002/_next/static/chunks/b2b3e_next_dist_compiled_react-dom_d19f9ff6._.js:4651:24)
    at updateFunctionComponent (http://localhost:3002/_next/static/chunks/b2b3e_next_dist_compiled_react-dom_d19f9ff6._.js:6112:21)
    at beginWork (http://localhost:3002/_next/static/chunks/b2b3e_next_dist_compiled_react-dom_d19f9ff6._.js:6687:639)
    at runWithFiberInDEV (http://localhost:3002/_next/static/chunks/b2b3e_next_dist_compiled_react-dom_d19f9ff6._.js:965:74)
    at performUnitOfWork (http://localhost:3002/_next/static/chunks/b2b3e_next_dist_compiled_react-dom_d19f9ff6._.js:9562:97)
    at workLoopSync (http://localhost:3002/_next/static/chunks/b2b3e_next_dist_compiled_react-dom_d19f9ff6._.js:9456:40)
    at renderRootSync (http://localhost:3002/_next/static/chunks/b2b3e_next_dist_compiled_react-dom_d19f9ff6._.js:9440:13)
    at performWorkOnRoot (http://localhost:3002/_next/static/chunks/b2b3e_next_dist_compiled_react-dom_d19f9ff6._.js:9105:47)
    at performWorkOnRootViaSchedulerTask (http://localhost:3002/_next/static/chunks/b2b3e_next_dist_compiled_react-dom_d19f9ff6._.js:10230:9)
    at MessagePort.performWorkUntilDeadline (http://localhost:3002/_next/static/chunks/b2b3e_next_dist_compiled_a8f11176._.js:2647:64)
[  108188ms] [WARNING] The resource http://localhost:3002/_next/static/chunks/%5Broot-of-the-server%5D__31d94f7c._.css was preloaded using link preload but not used within a few seconds from the window's load event. Please make sure it has an appropriate `as` value and it is preloaded intentionally. @ http://localhost:3002/:0
[  108460ms] [WARNING] [Fast Refresh] performing full reload because your application had an unrecoverable error @ http://localhost:3002/_next/static/chunks/b2b3e_next_dist_77a734fe._.js:2297
[  108785ms] [ERROR] Failed to load resource: the server responded with a status of 500 (Internal Server Error) @ http://localhost:3002/:0
[  108877ms] [WARNING] %c%s%c ⚠ metadataBase property in metadata export is not set for resolving social open graph or twitter images, using "http://localhost:3002". See https://nextjs.org/docs/app/api-reference/functions/generate-metadata#metadatabase background: #e6e6e6;background: light-dark(rgba(0,0,0,0.1), rgba(255,255,255,0.25));color: #000000;color: light-dark(#000000, #ffffff);border-radius: 2px  Server   @ http://localhost:3002/_next/static/chunks/b2b3e_next_dist_77a734fe._.js:2297
[  109036ms] ReferenceError: HeaderVine is not defined
    at Header (http://localhost:3002/_next/static/chunks/src_13525b2f._.js:1399:377)
    at Object.react_stack_bottom_frame (http://localhost:3002/_next/static/chunks/b2b3e_next_dist_compiled_react-dom_d19f9ff6._.js:14826:24)
    at renderWithHooks (http://localhost:3002/_next/static/chunks/b2b3e_next_dist_compiled_react-dom_d19f9ff6._.js:4651:24)
    at updateFunctionComponent (http://localhost:3002/_next/static/chunks/b2b3e_next_dist_compiled_react-dom_d19f9ff6._.js:6112:21)
    at beginWork (http://localhost:3002/_next/static/chunks/b2b3e_next_dist_compiled_react-dom_d19f9ff6._.js:6687:639)
    at runWithFiberInDEV (http://localhost:3002/_next/static/chunks/b2b3e_next_dist_compiled_react-dom_d19f9ff6._.js:965:74)
    at performUnitOfWork (http://localhost:3002/_next/static/chunks/b2b3e_next_dist_compiled_react-dom_d19f9ff6._.js:9562:97)
    at workLoopSync (http://localhost:3002/_next/static/chunks/b2b3e_next_dist_compiled_react-dom_d19f9ff6._.js:9456:40)
    at renderRootSync (http://localhost:3002/_next/static/chunks/b2b3e_next_dist_compiled_react-dom_d19f9ff6._.js:9440:13)
    at performWorkOnRoot (http://localhost:3002/_next/static/chunks/b2b3e_next_dist_compiled_react-dom_d19f9ff6._.js:9105:47)
    at performWorkOnRootViaSchedulerTask (http://localhost:3002/_next/static/chunks/b2b3e_next_dist_compiled_react-dom_d19f9ff6._.js:10230:9)
    at MessagePort.performWorkUntilDeadline (http://localhost:3002/_next/static/chunks/b2b3e_next_dist_compiled_a8f11176._.js:2647:64)
[  112334ms] [WARNING] The resource http://localhost:3002/_next/static/chunks/%5Broot-of-the-server%5D__31d94f7c._.css was preloaded using link preload but not used within a few seconds from the window's load event. Please make sure it has an appropriate `as` value and it is preloaded intentionally. @ http://localhost:3002/:0
[  112799ms] [WARNING] [Fast Refresh] performing full reload because your application had an unrecoverable error @ http://localhost:3002/_next/static/chunks/b2b3e_next_dist_77a734fe._.js:2297
[  113196ms] [WARNING] %c%s%c ⚠ metadataBase property in metadata export is not set for resolving social open graph or twitter images, using "http://localhost:3002". See https://nextjs.org/docs/app/api-reference/functions/generate-metadata#metadatabase background: #e6e6e6;background: light-dark(rgba(0,0,0,0.1), rgba(255,255,255,0.25));color: #000000;color: light-dark(#000000, #ffffff);border-radius: 2px  Server   @ http://localhost:3002/_next/static/chunks/b2b3e_next_dist_77a734fe._.js:2297
[  113278ms] [ERROR] A tree hydrated but some attributes of the server rendered HTML didn't match the client properties. This won't be patched up. This can happen if a SSR-ed Client Component used:

- A server/client branch `if (typeof window !== 'undefined')`.
- Variable input such as `Date.now()` or `Math.random()` which changes each time it's called.
- Date formatting in a user's locale which doesn't match the server.
- External changing data without sending a snapshot of it along with the HTML.
- Invalid HTML tag nesting.

It can also happen if the client has a browser extension installed which messes with the HTML before React loaded.

%s%s https://react.dev/link/hydration-mismatch 

  ...
    <SegmentViewNode type="layout" pagePath="layout.tsx">
      <SegmentTrieNode>
      <link>
      <script>
      <script>
      <script>
      <RootLayout>
        <html lang="ja" suppressHydrationWarning={true}>
          <body className="inter_5901...">
            <TooltipProvider>
              <TooltipProvider data-slot="tooltip-pr..." delayDuration={0}>
                <TooltipProviderProvider scope={undefined} isOpenDelayedRef={{current:true}} delayDuration={0} ...>
                  <div>
                  <div className="relative z...">
                    <Header authSlot={{...}}>
                      <header className="sticky top...">
                        <div className="relative m...">
                          <HeaderSeedAccent>
                            <svg className="pointer-ev..." width="20" height="28" viewBox="0 0 40 60" aria-hidden="true">
                              <ellipse>
                              <line>
                              <line>
                              <line>
                              <line>
                              <line>
                              <line
                                x1="20"
                                y1="18"
+                               x2={15.669872981077809}
-                               x2="15.669872981077807"
                                y2={20.500000000000004}
                                stroke="var(--color-tanpopo-seed)"
                                strokeWidth="0.35"
                                opacity="0.45"
                              >
                              ...
                          ...
                        ...
                    ...
            ...
 @ http://localhost:3002/_next/static/chunks/b2b3e_next_dist_77a734fe._.js:3127
